app/build/intermediates/manifest_merge_blame_file/debug/manifest-merger-blame-debug-report.txt
1<?xml version="1.0" encoding="utf-8"?>
2<manifest xmlns:android="http://schemas.android.com/apk/res/android"
3    package="com.app.osgrim"
4    android:versionCode="1"
5    android:versionName="1.0" >
6
7    <uses-sdk
8        android:minSdkVersion="23"
8-->src/main/AndroidManifest.xml
9        android:targetSdkVersion="29" />
9-->src/main/AndroidManifest.xml
10
11    <uses-permission android:name="android.permission.WRITE_EXTERNAL_STORAGE" />
11-->src/main/AndroidManifest.xml:6:5-80
11-->src/main/AndroidManifest.xml:6:22-78
12    <uses-permission android:name="android.permission.READ_EXTERNAL_STORAGE" />
12-->src/main/AndroidManifest.xml:7:5-79
12-->src/main/AndroidManifest.xml:7:22-77
13
14    <application
14-->src/main/AndroidManifest.xml:9:5-57:19
15        android:allowBackup="true"
15-->src/main/AndroidManifest.xml:10:9-35
16        android:appComponentFactory="androidx.core.app.CoreComponentFactory"
16-->[androidx.core:core:1.1.0-rc02] AndroidManifest.xml:24:18-86
17        android:debuggable="true"
18        android:extractNativeLibs="false"
19        android:icon="@mipmap/ic_launcher"
19-->src/main/AndroidManifest.xml:12:9-43
20        android:label="@string/app_name"
20-->src/main/AndroidManifest.xml:13:9-41
21        android:logo="@drawable/logo_osgrim"
21-->src/main/AndroidManifest.xml:11:9-45
22        android:roundIcon="@mipmap/ic_launcher_round"
22-->src/main/AndroidManifest.xml:14:9-54
23        android:supportsRtl="true"
23-->src/main/AndroidManifest.xml:15:9-35
24        android:testOnly="true"
25        android:theme="@style/AppTheme" >
25-->src/main/AndroidManifest.xml:16:9-40
26        <activity
26-->src/main/AndroidManifest.xml:18:9-28:20
27            android:name="com.app.osgrim.MainActivity"
27-->src/main/AndroidManifest.xml:18:19-47
28            android:configChanges="orientation|screenSize"
28-->src/main/AndroidManifest.xml:21:13-59
29            android:icon="@drawable/logo_osgrim"
29-->src/main/AndroidManifest.xml:19:13-49
30            android:label="@string/app_name"
30-->src/main/AndroidManifest.xml:20:13-45
31            android:windowSoftInputMode="adjustPan" >
31-->src/main/AndroidManifest.xml:22:13-52
32            <intent-filter>
32-->src/main/AndroidManifest.xml:23:13-27:29
33                <action android:name="android.intent.action.MAIN" />
33-->src/main/AndroidManifest.xml:24:17-69
33-->src/main/AndroidManifest.xml:24:25-66
34
35                <category android:name="android.intent.category.LAUNCHER" />
35-->src/main/AndroidManifest.xml:26:17-77
35-->src/main/AndroidManifest.xml:26:27-74
36            </intent-filter>
37        </activity>
38        <activity
38-->src/main/AndroidManifest.xml:29:9-35:15
39            android:name="com.app.osgrim.BilanCirActivity"
39-->src/main/AndroidManifest.xml:29:19-51
40            android:configChanges="orientation|screenSize"
40-->src/main/AndroidManifest.xml:32:13-59
41            android:icon="@drawable/logo_osgrim"
41-->src/main/AndroidManifest.xml:30:13-49
42            android:label="@string/bilan_cir"
42-->src/main/AndroidManifest.xml:31:13-46
43            android:launchMode="singleInstance"
43-->src/main/AndroidManifest.xml:34:13-48
44            android:windowSoftInputMode="adjustPan" />
44-->src/main/AndroidManifest.xml:33:13-52
45        <activity
45-->src/main/AndroidManifest.xml:36:9-42:15
46            android:name="com.app.osgrim.BilanFoncActivity"
46-->src/main/AndroidManifest.xml:36:19-52
47            android:configChanges="orientation|screenSize"
47-->src/main/AndroidManifest.xml:39:13-59
48            android:icon="@drawable/logo_osgrim"
48-->src/main/AndroidManifest.xml:37:13-49
49            android:label="@string/bilan_fonc"
49-->src/main/AndroidManifest.xml:38:13-47
50            android:launchMode="singleInstance"
50-->src/main/AndroidManifest.xml:41:13-48
51            android:windowSoftInputMode="adjustPan" />
51-->src/main/AndroidManifest.xml:40:13-52
52        <activity
52-->src/main/AndroidManifest.xml:43:9-49:15
53            android:name="com.app.osgrim.DsaActivity"
53-->src/main/AndroidManifest.xml:43:19-46
54            android:configChanges="orientation|screenSize"
54-->src/main/AndroidManifest.xml:46:13-59
55            android:icon="@drawable/logo_osgrim"
55-->src/main/AndroidManifest.xml:44:13-49
56            android:label="@string/bilan_dsa"
56-->src/main/AndroidManifest.xml:45:13-46
57            android:launchMode="singleInstance"
57-->src/main/AndroidManifest.xml:48:13-48
58            android:windowSoftInputMode="adjustPan" />
58-->src/main/AndroidManifest.xml:47:13-52
59        <activity
59-->src/main/AndroidManifest.xml:50:9-56:15
60            android:name="com.app.osgrim.BilanLesActivity"
60-->src/main/AndroidManifest.xml:50:19-51
61            android:configChanges="orientation|screenSize"
61-->src/main/AndroidManifest.xml:53:13-59
62            android:icon="@drawable/logo_osgrim"
62-->src/main/AndroidManifest.xml:51:13-49
63            android:label="@string/bilan_les"
63-->src/main/AndroidManifest.xml:52:13-46
64            android:launchMode="singleInstance"
64-->src/main/AndroidManifest.xml:55:13-48
65            android:windowSoftInputMode="adjustPan" />
65-->src/main/AndroidManifest.xml:54:13-52
66    </application>
67
68</manifest>